#! /data/data/com.termux/files/usr/bin/vvp
:ivl_version "12.0 (stable)";
:ivl_delay_selection "TYPICAL";
:vpi_time_precision + 0;
:vpi_module "/data/data/com.termux/files/usr/lib/ivl/system.vpi";
:vpi_module "/data/data/com.termux/files/usr/lib/ivl/vhdl_sys.vpi";
:vpi_module "/data/data/com.termux/files/usr/lib/ivl/vhdl_textio.vpi";
:vpi_module "/data/data/com.termux/files/usr/lib/ivl/v2005_math.vpi";
:vpi_module "/data/data/com.termux/files/usr/lib/ivl/va_math.vpi";
S_0xb400007d03865000 .scope module, "pressed_lvl_in_queue_logic" "pressed_lvl_in_queue_logic" 2 1;
 .timescale 0 0;
    .port_info 0 /INPUT 1 "pressed_en";
    .port_info 1 /INPUT 2 "pressed_lvl";
    .port_info 2 /INPUT 2 "queue_i";
    .port_info 3 /INPUT 3 "tail";
    .port_info 4 /OUTPUT 1 "pressed_lvl_in_queue";
P_0xb400007d0380a740 .param/l "i" 0 2 1, +C4<00000000000000000000000000000000>;
L_0xb400007d03831150 .functor AND 1, L_0xb400007d03838e60, L_0xb400007d03838fa0, C4<1>, C4<1>;
v0xb400007d03838640_0 .net *"_ivl_0", 2 0, L_0xb400007d03838dc0;  1 drivers
L_0xb400007d038c3058 .functor BUFT 1, C4<00000000000000000000000000000000>, C4<0>, C4<0>, C4<0>;
v0xb400007d038386e0_0 .net/2u *"_ivl_10", 31 0, L_0xb400007d038c3058;  1 drivers
v0xb400007d03838780_0 .net *"_ivl_12", 0 0, L_0xb400007d03838fa0;  1 drivers
L_0xb400007d038c2fc8 .functor BUFT 1, C4<0>, C4<0>, C4<0>, C4<0>;
v0xb400007d03838820_0 .net *"_ivl_3", 0 0, L_0xb400007d038c2fc8;  1 drivers
v0xb400007d038388c0_0 .net *"_ivl_4", 0 0, L_0xb400007d03838e60;  1 drivers
v0xb400007d03838960_0 .net *"_ivl_6", 31 0, L_0xb400007d03838f00;  1 drivers
L_0xb400007d038c3010 .functor BUFT 1, C4<00000000000000000000000000000>, C4<0>, C4<0>, C4<0>;
v0xb400007d03838a00_0 .net *"_ivl_9", 28 0, L_0xb400007d038c3010;  1 drivers
o0xb400007d03889ed8 .functor BUFZ 1, C4<z>; HiZ drive
v0xb400007d03838aa0_0 .net "pressed_en", 0 0, o0xb400007d03889ed8;  0 drivers
o0xb400007d03889f08 .functor BUFZ 2, C4<zz>; HiZ drive
v0xb400007d03838b40_0 .net "pressed_lvl", 1 0, o0xb400007d03889f08;  0 drivers
v0xb400007d03838be0_0 .net "pressed_lvl_in_queue", 0 0, L_0xb400007d03831150;  1 drivers
o0xb400007d03889f68 .functor BUFZ 2, C4<zz>; HiZ drive
v0xb400007d03838c80_0 .net "queue_i", 1 0, o0xb400007d03889f68;  0 drivers
o0xb400007d03889f98 .functor BUFZ 3, C4<zzz>; HiZ drive
v0xb400007d03838d20_0 .net "tail", 2 0, o0xb400007d03889f98;  0 drivers
L_0xb400007d03838dc0 .concat [ 2 1 0 0], o0xb400007d03889f68, L_0xb400007d038c2fc8;
L_0xb400007d03838e60 .cmp/eq 3, L_0xb400007d03838dc0, o0xb400007d03889f98;
L_0xb400007d03838f00 .concat [ 3 29 0 0], o0xb400007d03889f98, L_0xb400007d038c3010;
L_0xb400007d03838fa0 .cmp/gt 32, L_0xb400007d03838f00, L_0xb400007d038c3058;
# The file index is used to find the file name in the following table.
:file_names 3;
    "N/A";
    "<interactive>";
    "pressed_lvl_in_queue_logic.v";
